C:\USERS\MOHAMED MEHERY\DESKTOP\PROJECT1\PROJECT1\DEBUG\MAIN.CPP.NATIVECODEANALYSIS.XML
C:\USERS\MOHAMED MEHERY\DESKTOP\PROJECT1\PROJECT1\DEBUG\VC110.PDB
C:\USERS\MOHAMED MEHERY\DESKTOP\PROJECT1\PROJECT1\DEBUG\MAIN.OBJ
C:\USERS\MOHAMED MEHERY\DESKTOP\PROJECT1\PROJECT1\DEBUG\REVERSE_LIST.OBJ
C:\USERS\MOHAMED MEHERY\DESKTOP\PROJECT1\DEBUG\PROJECT1.ILK
C:\USERS\MOHAMED MEHERY\DESKTOP\PROJECT1\DEBUG\PROJECT1.EXE
C:\USERS\MOHAMED MEHERY\DESKTOP\PROJECT1\DEBUG\PROJECT1.PDB
C:\Users\Mohamed Mehery\Desktop\Project1\Project1\Debug\main.obj
C:\Users\Mohamed Mehery\Desktop\Project1\Project1\Debug\Reverse_list.obj
C:\Users\Mohamed Mehery\Desktop\Project1\Project1\Debug\cl.command.1.tlog
C:\Users\Mohamed Mehery\Desktop\Project1\Project1\Debug\CL.read.1.tlog
C:\Users\Mohamed Mehery\Desktop\Project1\Project1\Debug\CL.write.1.tlog
C:\Users\Mohamed Mehery\Desktop\Project1\Project1\Debug\link-cvtres.read.1.tlog
C:\Users\Mohamed Mehery\Desktop\Project1\Project1\Debug\link-cvtres.write.1.tlog
C:\Users\Mohamed Mehery\Desktop\Project1\Project1\Debug\link-rc.read.1.tlog
C:\Users\Mohamed Mehery\Desktop\Project1\Project1\Debug\link-rc.write.1.tlog
C:\Users\Mohamed Mehery\Desktop\Project1\Project1\Debug\link.7096-cvtres.read.1.tlog
C:\Users\Mohamed Mehery\Desktop\Project1\Project1\Debug\link.7096-cvtres.write.1.tlog
C:\Users\Mohamed Mehery\Desktop\Project1\Project1\Debug\link.7096-rc.read.1.tlog
C:\Users\Mohamed Mehery\Desktop\Project1\Project1\Debug\link.7096-rc.write.1.tlog
C:\Users\Mohamed Mehery\Desktop\Project1\Project1\Debug\link.7096.read.1.tlog
C:\Users\Mohamed Mehery\Desktop\Project1\Project1\Debug\link.7096.write.1.tlog
C:\Users\Mohamed Mehery\Desktop\Project1\Project1\Debug\link.command.1.tlog
C:\Users\Mohamed Mehery\Desktop\Project1\Project1\Debug\link.read.1.tlog
C:\Users\Mohamed Mehery\Desktop\Project1\Project1\Debug\link.write.1.tlog
C:\Users\Mohamed Mehery\Desktop\Project1\Project1\Debug\NativeCodeAnalysis.read.1.tlog
C:\Users\Mohamed Mehery\Desktop\Project1\Project1\Debug\vc110.idb
C:\Users\Mohamed Mehery\Desktop\Project1\Project1\Debug\vc110.pdb
C:\Users\Mohamed Mehery\Desktop\Project1\Project1\Debug\main.cpp.nativecodeanalysis.xml
C:\Users\Mohamed Mehery\Desktop\Project1\Project1\Debug\vc.nativecodeanalysis.all.xml
C:\Users\Mohamed Mehery\Desktop\Project1\Debug\Project1.pdb
C:\Users\Mohamed Mehery\Desktop\Project1\Debug\Project1.exe
C:\Users\Mohamed Mehery\Desktop\Project1\Debug\Project1.ilk
C:\Users\Mohamed Mehery\Desktop\Project1\Debug\Project1.exe.lastcodeanalysissucceeded
